0 info it worked if it ends with ok
1 verbose cli [ '/usr/local/Cellar/node/0.8.14/bin/node',
1 verbose cli   '/usr/local/bin/npm',
1 verbose cli   'start' ]
2 info using npm@1.1.65
3 info using node@v0.8.14
4 verbose read json /Users/drew/Documents/Projects/node-lightarray/package.json
5 error Error: no version
5 error     at validVersion (/usr/local/Cellar/node/0.8.14/lib/node_modules/npm/node_modules/read-package-json/read-json.js:535:32)
5 error     at final (/usr/local/Cellar/node/0.8.14/lib/node_modules/npm/node_modules/read-package-json/read-json.js:297:23)
5 error     at /usr/local/Cellar/node/0.8.14/lib/node_modules/npm/node_modules/read-package-json/read-json.js:119:33
5 error     at cb (/usr/local/Cellar/node/0.8.14/lib/node_modules/npm/node_modules/slide/lib/async-map.js:48:11)
5 error     at /usr/local/Cellar/node/0.8.14/lib/node_modules/npm/node_modules/read-package-json/read-json.js:249:40
5 error     at fs.readFile (fs.js:176:14)
5 error     at fs.close (/usr/local/Cellar/node/0.8.14/lib/node_modules/npm/node_modules/graceful-fs/graceful-fs.js:90:5)
5 error     at Object.oncomplete (fs.js:297:15)
6 error If you need help, you may report this log at:
6 error     <http://github.com/isaacs/npm/issues>
6 error or email it to:
6 error     <npm-@googlegroups.com>
7 error System Darwin 12.4.0
8 error command "/usr/local/Cellar/node/0.8.14/bin/node" "/usr/local/bin/npm" "start"
9 error cwd /Users/drew/Documents/Projects/node-lightarray
10 error node -v v0.8.14
11 error npm -v 1.1.65
12 verbose exit [ 1, true ]
